<?xml version="1.0" encoding="UTF-8"?>
<testsuite name="RailwayGraphTest" tests="9" skipped="0" failures="0" errors="0" timestamp="2019-05-18T00:03:31" hostname="Jacquelines-MacBook-Pro.local" time="0.038">
  <properties/>
  <testcase name="testBuildTowns()" classname="RailwayGraphTest" time="0.011"/>
  <testcase name="testPopulateRoutes()" classname="RailwayGraphTest" time="0.004"/>
  <testcase name="testGetTripOptions()" classname="RailwayGraphTest" time="0.0"/>
  <testcase name="testInstanceOfRailwayGraph()" classname="RailwayGraphTest" time="0.0"/>
  <testcase name="countAllPaths()" classname="RailwayGraphTest" time="0.005"/>
  <testcase name="setTowns()" classname="RailwayGraphTest" time="0.0"/>
  <testcase name="testCalculateDistance()" classname="RailwayGraphTest" time="0.0"/>
  <testcase name="testCalculateDistanceThrowsException()" classname="RailwayGraphTest" time="0.003"/>
  <testcase name="getTowns()" classname="RailwayGraphTest" time="0.001"/>
  <system-out><![CDATA[]]></system-out>
  <system-err><![CDATA[]]></system-err>
</testsuite>
